0 info it worked if it ends with ok
1 verbose cli [ '/usr/local/bin/node', '/usr/local/bin/npm', 'run', 'build' ]
2 info using npm@3.10.10
3 info using node@v8.0.0-pre
4 verbose run-script [ 'prebuild', 'build', 'postbuild' ]
5 info lifecycle todo-mean-app@0.0.0~prebuild: todo-mean-app@0.0.0
6 silly lifecycle todo-mean-app@0.0.0~prebuild: no script for prebuild, continuing
7 info lifecycle todo-mean-app@0.0.0~build: todo-mean-app@0.0.0
8 verbose lifecycle todo-mean-app@0.0.0~build: unsafe-perm in lifecycle true
9 verbose lifecycle todo-mean-app@0.0.0~build: PATH: /usr/local/lib/node_modules/npm/bin/node-gyp-bin:/home/stem/Projects/angular/ang2-todoapp/node_modules/.bin:/home/stem/bin:/home/stem/.local/bin:/usr/local/sbin:/usr/local/bin:/usr/sbin:/usr/bin:/sbin:/bin:/usr/games:/usr/local/games
10 verbose lifecycle todo-mean-app@0.0.0~build: CWD: /home/stem/Projects/angular/ang2-todoapp
11 silly lifecycle todo-mean-app@0.0.0~build: Args: [ '-c', 'ng build && node server.js' ]
12 silly lifecycle todo-mean-app@0.0.0~build: Returned: code: 1  signal: null
13 info lifecycle todo-mean-app@0.0.0~build: Failed to exec build script
14 verbose stack Error: todo-mean-app@0.0.0 build: `ng build && node server.js`
14 verbose stack Exit status 1
14 verbose stack     at EventEmitter.<anonymous> (/usr/local/lib/node_modules/npm/lib/utils/lifecycle.js:255:16)
14 verbose stack     at emitTwo (events.js:106:13)
14 verbose stack     at EventEmitter.emit (events.js:191:7)
14 verbose stack     at ChildProcess.<anonymous> (/usr/local/lib/node_modules/npm/lib/utils/spawn.js:40:14)
14 verbose stack     at emitTwo (events.js:106:13)
14 verbose stack     at ChildProcess.emit (events.js:191:7)
14 verbose stack     at maybeClose (internal/child_process.js:885:16)
14 verbose stack     at Process.ChildProcess._handle.onexit (internal/child_process.js:226:5)
15 verbose pkgid todo-mean-app@0.0.0
16 verbose cwd /home/stem/Projects/angular/ang2-todoapp
17 error Linux 4.4.0-53-generic
18 error argv "/usr/local/bin/node" "/usr/local/bin/npm" "run" "build"
19 error node v8.0.0-pre
20 error npm  v3.10.10
21 error code ELIFECYCLE
22 error todo-mean-app@0.0.0 build: `ng build && node server.js`
22 error Exit status 1
23 error Failed at the todo-mean-app@0.0.0 build script 'ng build && node server.js'.
23 error Make sure you have the latest version of node.js and npm installed.
23 error If you do, this is most likely a problem with the todo-mean-app package,
23 error not with npm itself.
23 error Tell the author that this fails on your system:
23 error     ng build && node server.js
23 error You can get information on how to open an issue for this project with:
23 error     npm bugs todo-mean-app
23 error Or if that isn't available, you can get their info via:
23 error     npm owner ls todo-mean-app
23 error There is likely additional logging output above.
24 verbose exit [ 1, true ]
